<?xml version="1.0" encoding="UTF-8"?>
<testng-results skipped="0" failed="0" ignored="0" total="1" passed="1">
  <reporter-output>
  </reporter-output>
  <suite name="Default suite" duration-ms="34485" started-at="2019-02-10T13:16:20Z" finished-at="2019-02-10T13:16:54Z">
    <groups>
    </groups>
    <test name="Default test" duration-ms="34485" started-at="2019-02-10T13:16:20Z" finished-at="2019-02-10T13:16:54Z">
      <class name="WebsiteTestCases.FacebookTestCases">
        <test-method status="PASS" signature="setup()[pri:0, instance:WebsiteTestCases.FacebookTestCases@5119fb47]" name="setup" is-config="true" duration-ms="23839" started-at="2019-02-10T13:16:20Z" finished-at="2019-02-10T13:16:44Z">
          <reporter-output>
          </reporter-output>
        </test-method> <!-- setup -->
        <test-method status="PASS" signature="loginFb()[pri:0, instance:WebsiteTestCases.FacebookTestCases@5119fb47]" name="loginFb" duration-ms="10577" started-at="2019-02-10T13:16:44Z" finished-at="2019-02-10T13:16:54Z">
          <reporter-output>
          </reporter-output>
        </test-method> <!-- loginFb -->
      </class> <!-- WebsiteTestCases.FacebookTestCases -->
    </test> <!-- Default test -->
  </suite> <!-- Default suite -->
</testng-results>
