<?xml version="1.0" encoding="UTF-8"?>
<!-- Generated by org.testng.reporters.JUnitXMLReporter -->
<testsuite hostname="dell-PC" ignored="0" name="FacebookTestCases" tests="1" failures="1" timestamp="10 Feb 2019 13:13:45 GMT" time="15.413" errors="0">
  <testcase name="loginFb" time="0.102" classname="WebsiteTestCases.FacebookTestCases">
    <failure type="java.lang.NullPointerException">
      <![CDATA[java.lang.NullPointerException
at WebsiteTestCases.FacebookTestCases.loginFb(FacebookTestCases.java:28)
... Removed 25 stack frames]]>
    </failure>
  </testcase> <!-- loginFb -->
</testsuite> <!-- FacebookTestCases -->
